Log file open, 02/17/22 13:27:30
LogWindows: Failed to load 'aqProf.dll' (GetLastError=126)
LogWindows: File 'aqProf.dll' does not exist
LogWindows: Failed to load 'VtuneApi.dll' (GetLastError=126)
LogWindows: File 'VtuneApi.dll' does not exist
LogWindows: Failed to load 'VtuneApi32e.dll' (GetLastError=126)
LogWindows: File 'VtuneApi32e.dll' does not exist
LogConsoleResponse: Display: Failed to find resolution value strings in scalability ini. Falling back to default.
LogConsoleResponse: Display: Failed to find resolution value strings in scalability ini. Falling back to default.
LogInit: Display: Running engine for game: P1_Pesca
LogPlatformFile: Not using cached read wrapper
LogTaskGraph: Started task graph with 5 named threads and 35 total threads with 3 sets of task threads.
LogStats: Stats thread started at 0.443059
LogICUInternationalization: ICU TimeZone Detection - Raw Offset: +1:00, Platform Override: ''
LogInit: Display: Loading text-based GConfig....
LogPluginManager: Mounting plugin MeshPainting
LogPluginManager: Mounting plugin XGEController
LogPluginManager: Mounting plugin Paper2D
LogPluginManager: Mounting plugin LiveLink
LogPluginManager: Mounting plugin LightPropagationVolume
LogPluginManager: Mounting plugin AISupport
LogPluginManager: Mounting plugin EnvironmentQueryEditor
LogPluginManager: Mounting plugin CameraShakePreviewer
LogPluginManager: Mounting plugin GameplayCameras
LogPluginManager: Mounting plugin OodleData
LogPluginManager: Mounting plugin AssetManagerEditor
LogPluginManager: Mounting plugin OodleNetwork
LogPluginManager: Mounting plugin CryptoKeys
LogPluginManager: Mounting plugin CurveEditorTools
LogPluginManager: Mounting plugin DataValidation
LogPluginManager: Mounting plugin FacialAnimation
LogPluginManager: Mounting plugin GameplayTagsEditor
LogPluginManager: Mounting plugin GeometryMode
LogPluginManager: Mounting plugin MacGraphicsSwitching
LogPluginManager: Mounting plugin MaterialAnalyzer
LogPluginManager: Mounting plugin MobileLauncherProfileWizard
LogPluginManager: Mounting plugin PluginBrowser
LogPluginManager: Mounting plugin SpeedTreeImporter
LogPluginManager: Mounting plugin AnimationSharing
LogPluginManager: Mounting plugin CLionSourceCodeAccess
LogPluginManager: Mounting plugin CodeLiteSourceCodeAccess
LogPluginManager: Mounting plugin GitSourceControl
LogPluginManager: Mounting plugin KDevelopSourceCodeAccess
LogPluginManager: Mounting plugin NullSourceCodeAccess
LogPluginManager: Mounting plugin PerforceSourceControl
LogPluginManager: Mounting plugin PlasticSourceControl
LogPluginManager: Mounting plugin PixWinPlugin
LogPluginManager: Mounting plugin PluginUtils
LogPluginManager: Mounting plugin PropertyAccessNode
LogPluginManager: Mounting plugin SubversionSourceControl
LogPluginManager: Mounting plugin RiderSourceCodeAccess
LogPluginManager: Mounting plugin TextureFormatOodle
LogPluginManager: Mounting plugin UObjectPlugin
LogPluginManager: Mounting plugin VisualStudioCodeSourceCodeAccess
LogPluginManager: Mounting plugin VisualStudioSourceCodeAccess
LogPluginManager: Mounting plugin XCodeSourceCodeAccess
LogPluginManager: Mounting plugin DatasmithContent
LogPluginManager: Mounting plugin VariantManagerContent
LogPluginManager: Mounting plugin AlembicImporter
LogPluginManager: Mounting plugin BackChannel
LogPluginManager: Mounting plugin AutomationUtils
LogPluginManager: Mounting plugin ChaosCloth
LogPluginManager: Mounting plugin ChaosClothEditor
LogPluginManager: Mounting plugin ChaosEditor
LogPluginManager: Mounting plugin ChaosSolverPlugin
LogPluginManager: Mounting plugin ChaosNiagara
LogPluginManager: Mounting plugin CharacterAI
LogPluginManager: Mounting plugin GeometryCache
LogPluginManager: Mounting plugin GeometryCollectionPlugin
LogPluginManager: Mounting plugin GeometryProcessing
LogPluginManager: Mounting plugin MotoSynth
LogPluginManager: Mounting plugin OpenImageDenoise
LogPluginManager: Mounting plugin PlanarCut
LogPluginManager: Mounting plugin PlatformCrypto
LogPluginManager: Mounting plugin ProxyLODPlugin
LogPluginManager: Mounting plugin SkeletalReduction
LogPluginManager: Mounting plugin PythonScriptPlugin
LogPluginManager: Mounting plugin Niagara
LogPluginManager: Mounting plugin LuminPlatformFeatures
LogPluginManager: Mounting plugin MagicLeap
LogPluginManager: Mounting plugin MagicLeapLightEstimation
LogPluginManager: Mounting plugin MagicLeapMedia
LogPluginManager: Mounting plugin MagicLeapPassableWorld
LogPluginManager: Mounting plugin MLSDK
LogPluginManager: Mounting plugin AvfMedia
LogPluginManager: Mounting plugin AndroidMedia
LogPluginManager: Mounting plugin MediaPlayerEditor
LogPluginManager: Mounting plugin ImgMedia
LogPluginManager: Mounting plugin MediaCompositing
LogPluginManager: Mounting plugin TcpMessaging
LogPluginManager: Mounting plugin ActorSequence
LogPluginManager: Mounting plugin LevelSequenceEditor
LogPluginManager: Mounting plugin WmfMedia
LogPluginManager: Mounting plugin UdpMessaging
LogPluginManager: Mounting plugin WebMMedia
LogPluginManager: Mounting plugin MatineeToLevelSequence
LogPluginManager: Mounting plugin TemplateSequence
LogPluginManager: Mounting plugin OnlineSubsystem
LogPluginManager: Mounting plugin OnlineSubsystemNull
LogPluginManager: Mounting plugin OnlineSubsystemUtils
LogPluginManager: Mounting plugin LauncherChunkInstaller
LogPluginManager: Mounting plugin ActorLayerUtilities
LogPluginManager: Mounting plugin AndroidDeviceProfileSelector
LogPluginManager: Mounting plugin AndroidMoviePlayer
LogPluginManager: Mounting plugin AndroidPermission
LogPluginManager: Mounting plugin AppleMoviePlayer
LogPluginManager: Mounting plugin AppleImageUtils
LogPluginManager: Mounting plugin AssetTags
LogPluginManager: Mounting plugin ArchVisCharacter
LogPluginManager: Mounting plugin AudioCapture
LogPluginManager: Mounting plugin AudioSynesthesia
LogPluginManager: Mounting plugin CableComponent
LogPluginManager: Mounting plugin ChunkDownloader
LogPluginManager: Mounting plugin CustomMeshComponent
LogPluginManager: Mounting plugin EditableMesh
LogPluginManager: Mounting plugin ExampleDeviceProfileSelector
LogPluginManager: Mounting plugin GoogleCloudMessaging
LogPluginManager: Mounting plugin GooglePAD
LogPluginManager: Mounting plugin IOSDeviceProfileSelector
LogPluginManager: Mounting plugin LinuxDeviceProfileSelector
LogPluginManager: Mounting plugin LocationServicesBPLibrary
LogPluginManager: Mounting plugin MobilePatchingUtils
LogPluginManager: Mounting plugin OpenXR
LogPluginManager: Mounting plugin OpenXREyeTracker
LogPluginManager: Mounting plugin OpenXRHandTracking
LogPluginManager: Mounting plugin PhysXVehicles
LogPluginManager: Mounting plugin PostSplashScreen
LogPluginManager: Mounting plugin ProceduralMeshComponent
LogPluginManager: Mounting plugin PropertyAccessEditor
LogPluginManager: Mounting plugin SignificanceManager
LogPluginManager: Mounting plugin RuntimePhysXCooking
LogPluginManager: Mounting plugin SoundFields
LogPluginManager: Mounting plugin Synthesis
LogPluginManager: Mounting plugin WebMMoviePlayer
LogPluginManager: Mounting plugin WindowsMoviePlayer
LogPluginManager: Mounting plugin ScreenshotTools
LogPluginManager: Mounting plugin Takes
LogPluginManager: Mounting plugin ContentBrowserAssetDataSource
LogPluginManager: Mounting plugin ContentBrowserFileDataSource
LogPluginManager: Mounting plugin ContentBrowserClassDataSource
LogPluginManager: Mounting plugin OnlineSubsystemIOS
LogPluginManager: Mounting plugin OnlineSubsystemGooglePlay
LogPluginManager: Mounting plugin OculusVR
LogPluginManager: Mounting plugin SteamVR
PixWinPlugin: PIX capture plugin failed to initialize! Check that the process is launched from PIX.
LogLuminAPIImpl: Warning: MLSDK not found.  This likely means the MLSDK environment variable is not set.
LogInit: Using libcurl 7.55.1-DEV
LogInit:  - built for x86_64-pc-win32
LogInit:  - supports SSL with OpenSSL/1.1.1
LogInit:  - supports HTTP deflate (compression) using libz 1.2.8
LogInit:  - other features:
LogInit:      CURL_VERSION_SSL
LogInit:      CURL_VERSION_LIBZ
LogInit:      CURL_VERSION_IPV6
LogInit:      CURL_VERSION_ASYNCHDNS
LogInit:      CURL_VERSION_LARGEFILE
LogInit:      CURL_VERSION_IDN
LogInit:  CurlRequestOptions (configurable via config and command line):
LogInit:  - bVerifyPeer = true  - Libcurl will verify peer certificate
LogInit:  - bUseHttpProxy = false  - Libcurl will NOT use HTTP proxy
LogInit:  - bDontReuseConnections = false  - Libcurl will reuse connections
LogInit:  - MaxHostConnections = 16  - Libcurl will limit the number of connections to a host
LogInit:  - LocalHostAddr = Default
LogInit:  - BufferSize = 65536
LogOnline: OSS: Creating online subsystem instance for: NULL
LogInit: WinSock: version 1.1 (2.2), MaxSocks=32767, MaxUdp=65467
LogOnline: OSS: TryLoadSubsystemAndSetDefault: Loaded subsystem for module [NULL]
LogOculusPluginWrapper: OculusPlugin initialized successfully
LogHMD: Failed initializing OVRPlugin 1.59.0
LogInit: Build: ++UE4+Release-4.27-CL-18319896
LogInit: Engine Version: 4.27.2-18319896+++UE4+Release-4.27
LogInit: Compatible Engine Version: 4.27.0-17155196+++UE4+Release-4.27
LogInit: Net CL: 17155196
LogInit: OS: Windows 10 (Release 2009) (), CPU: AMD Ryzen 5 2600X Six-Core Processor           , GPU: NVIDIA GeForce GTX 1660 Ti
LogInit: Compiled (64-bit): Nov 30 2021 07:12:08
LogInit: Compiled with Visual C++: 19.24.28315.00
LogInit: Build Configuration: Development
LogInit: Branch Name: ++UE4+Release-4.27
LogInit: Command Line:  -EpicPortal -epicusername=Newyor-san -epicuserid=27e16c788c444b028cd0afcde995b756 -epiclocale=es -epicsandboxid=ue
LogInit: Base Directory: F:/Games/Epic/UE_4.27/Engine/Binaries/Win64/
LogInit: Allocator: TBB
LogInit: Installed Engine Build: 1
LogDevObjectVersion: Number of dev versions registered: 29
LogDevObjectVersion:   Dev-Blueprints (B0D832E4-1F89-4F0D-ACCF-7EB736FD4AA2): 10
LogDevObjectVersion:   Dev-Build (E1C64328-A22C-4D53-A36C-8E866417BD8C): 0
LogDevObjectVersion:   Dev-Core (375EC13C-06E4-48FB-B500-84F0262A717E): 4
LogDevObjectVersion:   Dev-Editor (E4B068ED-F494-42E9-A231-DA0B2E46BB41): 40
LogDevObjectVersion:   Dev-Framework (CFFC743F-43B0-4480-9391-14DF171D2073): 37
LogDevObjectVersion:   Dev-Mobile (B02B49B5-BB20-44E9-A304-32B752E40360): 3
LogDevObjectVersion:   Dev-Networking (A4E4105C-59A1-49B5-A7C5-40C4547EDFEE): 0
LogDevObjectVersion:   Dev-Online (39C831C9-5AE6-47DC-9A44-9C173E1C8E7C): 0
LogDevObjectVersion:   Dev-Physics (78F01B33-EBEA-4F98-B9B4-84EACCB95AA2): 14
LogDevObjectVersion:   Dev-Platform (6631380F-2D4D-43E0-8009-CF276956A95A): 0
LogDevObjectVersion:   Dev-Rendering (12F88B9F-8875-4AFC-A67C-D90C383ABD29): 45
LogDevObjectVersion:   Dev-Sequencer (7B5AE74C-D270-4C10-A958-57980B212A5A): 13
LogDevObjectVersion:   Dev-VR (D7296918-1DD6-4BDD-9DE2-64A83CC13884): 3
LogDevObjectVersion:   Dev-LoadTimes (C2A15278-BFE7-4AFE-6C17-90FF531DF755): 1
LogDevObjectVersion:   Private-Geometry (6EACA3D4-40EC-4CC1-B786-8BED09428FC5): 3
LogDevObjectVersion:   Dev-AnimPhys (29E575DD-E0A3-4627-9D10-D276232CDCEA): 17
LogDevObjectVersion:   Dev-Anim (AF43A65D-7FD3-4947-9873-3E8ED9C1BB05): 15
LogDevObjectVersion:   Dev-ReflectionCapture (6B266CEC-1EC7-4B8F-A30B-E4D90942FC07): 1
LogDevObjectVersion:   Dev-Automation (0DF73D61-A23F-47EA-B727-89E90C41499A): 1
LogDevObjectVersion:   FortniteMain (601D1886-AC64-4F84-AA16-D3DE0DEAC7D6): 47
LogDevObjectVersion:   FortniteRelease (E7086368-6B23-4C58-8439-1B7016265E91): 1
LogDevObjectVersion:   Dev-Enterprise (9DFFBCD6-494F-0158-E221-12823C92A888): 10
LogDevObjectVersion:   Dev-Niagara (F2AED0AC-9AFE-416F-8664-AA7FFA26D6FC): 1
LogDevObjectVersion:   Dev-Destruction (174F1F0B-B4C6-45A5-B13F-2EE8D0FB917D): 10
LogDevObjectVersion:   Dev-Physics-Ext (35F94A83-E258-406C-A318-09F59610247C): 41
LogDevObjectVersion:   Dev-PhysicsMaterial-Chaos (B68FC16E-8B1B-42E2-B453-215C058844FE): 1
LogDevObjectVersion:   Dev-CineCamera (B2E18506-4273-CFC2-A54E-F4BB758BBA07): 1
LogDevObjectVersion:   Dev-VirtualProduction (64F58936-FD1B-42BA-BA96-7289D5D0FA4E): 1
LogDevObjectVersion:   Dev-MediaFramework (6F0ED827-A609-4895-9C91-998D90180EA4): 2
LogInit: Presizing for max 25165824 objects, including 0 objects not considered by GC, pre-allocating 0 bytes for permanent pool.
LogConfig: Applying CVar settings from Section [/Script/Engine.StreamingSettings] File [F:/Tecnocampus/3r/Motors/P1_PrototipPesca/P1_Pesca/Saved/Config/Windows/Engine.ini]
LogConfig: Setting CVar [[s.MinBulkDataSizeForAsyncLoading:131072]]
LogConfig: Setting CVar [[s.AsyncLoadingThreadEnabled:0]]
LogConfig: Setting CVar [[s.EventDrivenLoaderEnabled:1]]
LogConfig: Setting CVar [[s.WarnIfTimeLimitExceeded:0]]
LogConfig: Setting CVar [[s.TimeLimitExceededMultiplier:1.5]]
LogConfig: Setting CVar [[s.TimeLimitExceededMinTime:0.005]]
LogConfig: Setting CVar [[s.UseBackgroundLevelStreaming:1]]
LogConfig: Setting CVar [[s.PriorityAsyncLoadingExtraTime:15.0]]
LogConfig: Setting CVar [[s.LevelStreamingActorsUpdateTimeLimit:5.0]]
LogConfig: Setting CVar [[s.PriorityLevelStreamingActorsUpdateExtraTime:5.0]]
LogConfig: Setting CVar [[s.LevelStreamingComponentsRegistrationGranularity:10]]
LogConfig: Setting CVar [[s.UnregisterComponentsTimeLimit:1.0]]
LogConfig: Setting CVar [[s.LevelStreamingComponentsUnregistrationGranularity:5]]
LogConfig: Setting CVar [[s.FlushStreamingOnExit:1]]
LogInit: Object subsystem initialized
LogConfig: Setting CVar [[con.DebugEarlyDefault:1]]
LogConfig: Setting CVar [[r.setres:1280x720]]
[2022.02.17-12.27.32:241][  0]LogConfig: Setting CVar [[r.VSync:0]]
[2022.02.17-12.27.32:241][  0]LogConfig: Setting CVar [[r.RHICmdBypass:0]]
[2022.02.17-12.27.32:241][  0]LogConfig: Applying CVar settings from Section [/Script/Engine.RendererSettings] File [F:/Tecnocampus/3r/Motors/P1_PrototipPesca/P1_Pesca/Saved/Config/Windows/Engine.ini]
[2022.02.17-12.27.32:241][  0]LogConfig: Setting CVar [[r.GPUCrashDebugging:0]]
[2022.02.17-12.27.32:241][  0]LogConfig: Applying CVar settings from Section [/Script/Engine.RendererOverrideSettings] File [F:/Tecnocampus/3r/Motors/P1_PrototipPesca/P1_Pesca/Saved/Config/Windows/Engine.ini]
[2022.02.17-12.27.32:241][  0]LogConfig: Applying CVar settings from Section [/Script/Engine.StreamingSettings] File [F:/Tecnocampus/3r/Motors/P1_PrototipPesca/P1_Pesca/Saved/Config/Windows/Engine.ini]
[2022.02.17-12.27.32:241][  0]LogConfig: Setting CVar [[s.MinBulkDataSizeForAsyncLoading:131072]]
[2022.02.17-12.27.32:241][  0]LogConfig: Setting CVar [[s.AsyncLoadingThreadEnabled:0]]
[2022.02.17-12.27.32:241][  0]LogConfig: Setting CVar [[s.EventDrivenLoaderEnabled:1]]
[2022.02.17-12.27.32:241][  0]LogConfig: Setting CVar [[s.WarnIfTimeLimitExceeded:0]]
[2022.02.17-12.27.32:241][  0]LogConfig: Setting CVar [[s.TimeLimitExceededMultiplier:1.5]]
[2022.02.17-12.27.32:241][  0]LogConfig: Setting CVar [[s.TimeLimitExceededMinTime:0.005]]
[2022.02.17-12.27.32:241][  0]LogConfig: Setting CVar [[s.UseBackgroundLevelStreaming:1]]
[2022.02.17-12.27.32:241][  0]LogConfig: Setting CVar [[s.PriorityAsyncLoadingExtraTime:15.0]]
[2022.02.17-12.27.32:241][  0]LogConfig: Setting CVar [[s.LevelStreamingActorsUpdateTimeLimit:5.0]]
[2022.02.17-12.27.32:241][  0]LogConfig: Setting CVar [[s.PriorityLevelStreamingActorsUpdateExtraTime:5.0]]
[2022.02.17-12.27.32:241][  0]LogConfig: Setting CVar [[s.LevelStreamingComponentsRegistrationGranularity:10]]
[2022.02.17-12.27.32:241][  0]LogConfig: Setting CVar [[s.UnregisterComponentsTimeLimit:1.0]]
[2022.02.17-12.27.32:241][  0]LogConfig: Setting CVar [[s.LevelStreamingComponentsUnregistrationGranularity:5]]
[2022.02.17-12.27.32:241][  0]LogConfig: Setting CVar [[s.FlushStreamingOnExit:1]]
[2022.02.17-12.27.32:241][  0]LogConfig: Applying CVar settings from Section [/Script/Engine.GarbageCollectionSettings] File [F:/Tecnocampus/3r/Motors/P1_PrototipPesca/P1_Pesca/Saved/Config/Windows/Engine.ini]
[2022.02.17-12.27.32:241][  0]LogConfig: Setting CVar [[gc.MaxObjectsNotConsideredByGC:1]]
[2022.02.17-12.27.32:241][  0]LogConfig: Setting CVar [[gc.SizeOfPermanentObjectPool:0]]
[2022.02.17-12.27.32:241][  0]LogConfig: Setting CVar [[gc.FlushStreamingOnGC:0]]
[2022.02.17-12.27.32:241][  0]LogConfig: Setting CVar [[gc.NumRetriesBeforeForcingGC:10]]
[2022.02.17-12.27.32:241][  0]LogConfig: Setting CVar [[gc.AllowParallelGC:1]]
[2022.02.17-12.27.32:241][  0]LogConfig: Setting CVar [[gc.TimeBetweenPurgingPendingKillObjects:61.1]]
[2022.02.17-12.27.32:241][  0]LogConfig: Setting CVar [[gc.MaxObjectsInEditor:25165824]]
[2022.02.17-12.27.32:242][  0]LogConfig: Setting CVar [[gc.IncrementalBeginDestroyEnabled:1]]
[2022.02.17-12.27.32:242][  0]LogConfig: Setting CVar [[gc.CreateGCClusters:1]]
[2022.02.17-12.27.32:242][  0]LogConfig: Setting CVar [[gc.MinGCClusterSize:5]]
[2022.02.17-12.27.32:242][  0]LogConfig: Setting CVar [[gc.ActorClusteringEnabled:0]]
[2022.02.17-12.27.32:242][  0]LogConfig: Setting CVar [[gc.BlueprintClusteringEnabled:0]]
[2022.02.17-12.27.32:242][  0]LogConfig: Setting CVar [[gc.UseDisregardForGCOnDedicatedServers:0]]
[2022.02.17-12.27.32:242][  0]LogConfig: Setting CVar [[gc.MultithreadedDestructionEnabled:1]]
[2022.02.17-12.27.32:242][  0]LogConfig: Applying CVar settings from Section [/Script/Engine.NetworkSettings] File [F:/Tecnocampus/3r/Motors/P1_PrototipPesca/P1_Pesca/Saved/Config/Windows/Engine.ini]
[2022.02.17-12.27.32:242][  0]LogConfig: Applying CVar settings from Section [/Script/UnrealEd.CookerSettings] File [F:/Tecnocampus/3r/Motors/P1_PrototipPesca/P1_Pesca/Saved/Config/Windows/Engine.ini]
[2022.02.17-12.27.32:254][  0]LogConfig: Applying CVar settings from Section [ViewDistanceQuality@3] File [F:/Tecnocampus/3r/Motors/P1_PrototipPesca/P1_Pesca/Saved/Config/Windows/Scalability.ini]
[2022.02.17-12.27.32:254][  0]LogConfig: Setting CVar [[r.SkeletalMeshLODBias:0]]
[2022.02.17-12.27.32:254][  0]LogConfig: Setting CVar [[r.ViewDistanceScale:1.0]]
[2022.02.17-12.27.32:254][  0]LogConfig: Applying CVar settings from Section [AntiAliasingQuality@3] File [F:/Tecnocampus/3r/Motors/P1_PrototipPesca/P1_Pesca/Saved/Config/Windows/Scalability.ini]
[2022.02.17-12.27.32:254][  0]LogConfig: Setting CVar [[r.PostProcessAAQuality:4]]
[2022.02.17-12.27.32:254][  0]LogConfig: Applying CVar settings from Section [ShadowQuality@3] File [F:/Tecnocampus/3r/Motors/P1_PrototipPesca/P1_Pesca/Saved/Config/Windows/Scalability.ini]
[2022.02.17-12.27.32:254][  0]LogConfig: Setting CVar [[r.LightFunctionQuality:1]]
[2022.02.17-12.27.32:254][  0]LogConfig: Setting CVar [[r.ShadowQuality:5]]
[2022.02.17-12.27.32:254][  0]LogConfig: Setting CVar [[r.Shadow.CSM.MaxCascades:10]]
[2022.02.17-12.27.32:254][  0]LogConfig: Setting CVar [[r.Shadow.MaxResolution:2048]]
[2022.02.17-12.27.32:254][  0]LogConfig: Setting CVar [[r.Shadow.MaxCSMResolution:2048]]
[2022.02.17-12.27.32:255][  0]LogConfig: Setting CVar [[r.Shadow.RadiusThreshold:0.01]]
[2022.02.17-12.27.32:255][  0]LogConfig: Setting CVar [[r.Shadow.DistanceScale:1.0]]
[2022.02.17-12.27.32:255][  0]LogConfig: Setting CVar [[r.Shadow.CSM.TransitionScale:1.0]]
[2022.02.17-12.27.32:255][  0]LogConfig: Setting CVar [[r.Shadow.PreShadowResolutionFactor:1.0]]
[2022.02.17-12.27.32:255][  0]LogConfig: Setting CVar [[r.DistanceFieldShadowing:1]]
[2022.02.17-12.27.32:255][  0]LogConfig: Setting CVar [[r.DistanceFieldAO:1]]
[2022.02.17-12.27.32:255][  0]LogConfig: Setting CVar [[r.AOQuality:2]]
[2022.02.17-12.27.32:255][  0]LogConfig: Setting CVar [[r.VolumetricFog:1]]
[2022.02.17-12.27.32:255][  0]LogConfig: Setting CVar [[r.VolumetricFog.GridPixelSize:8]]
[2022.02.17-12.27.32:255][  0]LogConfig: Setting CVar [[r.VolumetricFog.GridSizeZ:128]]
[2022.02.17-12.27.32:255][  0]LogConfig: Setting CVar [[r.VolumetricFog.HistoryMissSupersampleCount:4]]
[2022.02.17-12.27.32:255][  0]LogConfig: Setting CVar [[r.LightMaxDrawDistanceScale:1]]
[2022.02.17-12.27.32:255][  0]LogConfig: Setting CVar [[r.CapsuleShadows:1]]
[2022.02.17-12.27.32:255][  0]LogConfig: Applying CVar settings from Section [PostProcessQuality@3] File [F:/Tecnocampus/3r/Motors/P1_PrototipPesca/P1_Pesca/Saved/Config/Windows/Scalability.ini]
[2022.02.17-12.27.32:255][  0]LogConfig: Setting CVar [[r.MotionBlurQuality:4]]
[2022.02.17-12.27.32:255][  0]LogConfig: Setting CVar [[r.AmbientOcclusionMipLevelFactor:0.4]]
[2022.02.17-12.27.32:255][  0]LogConfig: Setting CVar [[r.AmbientOcclusionMaxQuality:100]]
[2022.02.17-12.27.32:255][  0]LogConfig: Setting CVar [[r.AmbientOcclusionLevels:-1]]
[2022.02.17-12.27.32:255][  0]LogConfig: Setting CVar [[r.AmbientOcclusionRadiusScale:1.0]]
[2022.02.17-12.27.32:255][  0]LogConfig: Setting CVar [[r.DepthOfFieldQuality:2]]
[2022.02.17-12.27.32:255][  0]LogConfig: Setting CVar [[r.RenderTargetPoolMin:400]]
[2022.02.17-12.27.32:255][  0]LogConfig: Setting CVar [[r.LensFlareQuality:2]]
[2022.02.17-12.27.32:255][  0]LogConfig: Setting CVar [[r.SceneColorFringeQuality:1]]
[2022.02.17-12.27.32:255][  0]LogConfig: Setting CVar [[r.EyeAdaptationQuality:2]]
[2022.02.17-12.27.32:255][  0]LogConfig: Setting CVar [[r.BloomQuality:5]]
[2022.02.17-12.27.32:255][  0]LogConfig: Setting CVar [[r.FastBlurThreshold:100]]
[2022.02.17-12.27.32:255][  0]LogConfig: Setting CVar [[r.Upscale.Quality:3]]
[2022.02.17-12.27.32:255][  0]LogConfig: Setting CVar [[r.Tonemapper.GrainQuantization:1]]
[2022.02.17-12.27.32:255][  0]LogConfig: Setting CVar [[r.LightShaftQuality:1]]
[2022.02.17-12.27.32:255][  0]LogConfig: Setting CVar [[r.Filter.SizeScale:1]]
[2022.02.17-12.27.32:255][  0]LogConfig: Setting CVar [[r.Tonemapper.Quality:5]]
[2022.02.17-12.27.32:255][  0]LogConfig: Setting CVar [[r.DOF.Gather.AccumulatorQuality:1        ; higher gathering accumulator quality]]
[2022.02.17-12.27.32:255][  0]LogConfig: Setting CVar [[r.DOF.Gather.PostfilterMethod:1          ; Median3x3 postfilering method]]
[2022.02.17-12.27.32:255][  0]LogConfig: Setting CVar [[r.DOF.Gather.EnableBokehSettings:0       ; no bokeh simulation when gathering]]
[2022.02.17-12.27.32:255][  0]LogConfig: Setting CVar [[r.DOF.Gather.RingCount:4                 ; medium number of samples when gathering]]
[2022.02.17-12.27.32:255][  0]LogConfig: Setting CVar [[r.DOF.Scatter.ForegroundCompositing:1    ; additive foreground scattering]]
[2022.02.17-12.27.32:255][  0]LogConfig: Setting CVar [[r.DOF.Scatter.BackgroundCompositing:2    ; additive background scattering]]
[2022.02.17-12.27.32:255][  0]LogConfig: Setting CVar [[r.DOF.Scatter.EnableBokehSettings:1      ; bokeh simulation when scattering]]
[2022.02.17-12.27.32:255][  0]LogConfig: Setting CVar [[r.DOF.Scatter.MaxSpriteRatio:0.1         ; only a maximum of 10% of scattered bokeh]]
[2022.02.17-12.27.32:255][  0]LogConfig: Setting CVar [[r.DOF.Recombine.Quality:1                ; cheap slight out of focus]]
[2022.02.17-12.27.32:255][  0]LogConfig: Setting CVar [[r.DOF.Recombine.EnableBokehSettings:0    ; no bokeh simulation on slight out of focus]]
[2022.02.17-12.27.32:255][  0]LogConfig: Setting CVar [[r.DOF.TemporalAAQuality:1                ; more stable temporal accumulation]]
[2022.02.17-12.27.32:255][  0]LogConfig: Setting CVar [[r.DOF.Kernel.MaxForegroundRadius:0.025]]
[2022.02.17-12.27.32:255][  0]LogConfig: Setting CVar [[r.DOF.Kernel.MaxBackgroundRadius:0.025]]
[2022.02.17-12.27.32:255][  0]LogConfig: Applying CVar settings from Section [TextureQuality@3] File [F:/Tecnocampus/3r/Motors/P1_PrototipPesca/P1_Pesca/Saved/Config/Windows/Scalability.ini]
[2022.02.17-12.27.32:255][  0]LogConfig: Setting CVar [[r.Streaming.MipBias:0]]
[2022.02.17-12.27.32:255][  0]LogConfig: Setting CVar [[r.Streaming.AmortizeCPUToGPUCopy:0]]
[2022.02.17-12.27.32:255][  0]LogConfig: Setting CVar [[r.Streaming.MaxNumTexturesToStreamPerFrame:0]]
[2022.02.17-12.27.32:255][  0]LogConfig: Setting CVar [[r.Streaming.Boost:1]]
[2022.02.17-12.27.32:255][  0]LogConfig: Setting CVar [[r.MaxAnisotropy:8]]
[2022.02.17-12.27.32:255][  0]LogConfig: Setting CVar [[r.VT.MaxAnisotropy:8]]
[2022.02.17-12.27.32:255][  0]LogConfig: Setting CVar [[r.Streaming.LimitPoolSizeToVRAM:0]]
[2022.02.17-12.27.32:255][  0]LogConfig: Setting CVar [[r.Streaming.PoolSize:1000]]
[2022.02.17-12.27.32:255][  0]LogConfig: Setting CVar [[r.Streaming.MaxEffectiveScreenSize:0]]
[2022.02.17-12.27.32:255][  0]LogConfig: Applying CVar settings from Section [EffectsQuality@3] File [F:/Tecnocampus/3r/Motors/P1_PrototipPesca/P1_Pesca/Saved/Config/Windows/Scalability.ini]
[2022.02.17-12.27.32:256][  0]LogConfig: Setting CVar [[r.TranslucencyLightingVolumeDim:64]]
[2022.02.17-12.27.32:256][  0]LogConfig: Setting CVar [[r.RefractionQuality:2]]
[2022.02.17-12.27.32:256][  0]LogConfig: Setting CVar [[r.SSR.Quality:3]]
[2022.02.17-12.27.32:256][  0]LogConfig: Setting CVar [[r.SSR.HalfResSceneColor:0]]
[2022.02.17-12.27.32:256][  0]LogConfig: Setting CVar [[r.SceneColorFormat:4]]
[2022.02.17-12.27.32:256][  0]LogConfig: Setting CVar [[r.DetailMode:2]]
[2022.02.17-12.27.32:256][  0]LogConfig: Setting CVar [[r.TranslucencyVolumeBlur:1]]
[2022.02.17-12.27.32:256][  0]LogConfig: Setting CVar [[r.MaterialQualityLevel:1 ; High quality]]
[2022.02.17-12.27.32:256][  0]LogConfig: Setting CVar [[r.AnisotropicMaterials:1]]
[2022.02.17-12.27.32:256][  0]LogConfig: Setting CVar [[r.SSS.Scale:1]]
[2022.02.17-12.27.32:256][  0]LogConfig: Setting CVar [[r.SSS.SampleSet:2]]
[2022.02.17-12.27.32:256][  0]LogConfig: Setting CVar [[r.SSS.Quality:1]]
[2022.02.17-12.27.32:256][  0]LogConfig: Setting CVar [[r.SSS.HalfRes:0]]
[2022.02.17-12.27.32:256][  0]LogConfig: Setting CVar [[r.SSGI.Quality:3]]
[2022.02.17-12.27.32:256][  0]LogConfig: Setting CVar [[r.EmitterSpawnRateScale:1.0]]
[2022.02.17-12.27.32:256][  0]LogConfig: Setting CVar [[r.ParticleLightQuality:2]]
[2022.02.17-12.27.32:256][  0]LogConfig: Setting CVar [[r.SkyAtmosphere.AerialPerspectiveLUT.FastApplyOnOpaque:1 ; Always have FastSkyLUT 1 in this case to avoid wrong sky]]
[2022.02.17-12.27.32:256][  0]LogConfig: Setting CVar [[r.SkyAtmosphere.AerialPerspectiveLUT.SampleCountMaxPerSlice:4]]
[2022.02.17-12.27.32:256][  0]LogConfig: Setting CVar [[r.SkyAtmosphere.AerialPerspectiveLUT.DepthResolution:16.0]]
[2022.02.17-12.27.32:256][  0]LogConfig: Setting CVar [[r.SkyAtmosphere.FastSkyLUT:1]]
[2022.02.17-12.27.32:256][  0]LogConfig: Setting CVar [[r.SkyAtmosphere.FastSkyLUT.SampleCountMin:4.0]]
[2022.02.17-12.27.32:256][  0]LogConfig: Setting CVar [[r.SkyAtmosphere.FastSkyLUT.SampleCountMax:128.0]]
[2022.02.17-12.27.32:256][  0]LogConfig: Setting CVar [[r.SkyAtmosphere.SampleCountMin:4.0]]
[2022.02.17-12.27.32:256][  0]LogConfig: Setting CVar [[r.SkyAtmosphere.SampleCountMax:128.0]]
[2022.02.17-12.27.32:256][  0]LogConfig: Setting CVar [[r.SkyAtmosphere.TransmittanceLUT.UseSmallFormat:0]]
[2022.02.17-12.27.32:256][  0]LogConfig: Setting CVar [[r.SkyAtmosphere.TransmittanceLUT.SampleCount:10.0]]
[2022.02.17-12.27.32:256][  0]LogConfig: Setting CVar [[r.SkyAtmosphere.MultiScatteringLUT.SampleCount:15.0]]
[2022.02.17-12.27.32:256][  0]LogConfig: Setting CVar [[r.SkyLight.RealTimeReflectionCapture:1]]
[2022.02.17-12.27.32:256][  0]LogConfig: Applying CVar settings from Section [FoliageQuality@3] File [F:/Tecnocampus/3r/Motors/P1_PrototipPesca/P1_Pesca/Saved/Config/Windows/Scalability.ini]
[2022.02.17-12.27.32:256][  0]LogConfig: Setting CVar [[foliage.DensityScale:1.0]]
[2022.02.17-12.27.32:256][  0]LogConfig: Setting CVar [[grass.DensityScale:1.0]]
[2022.02.17-12.27.32:256][  0]LogConfig: Applying CVar settings from Section [ShadingQuality@3] File [F:/Tecnocampus/3r/Motors/P1_PrototipPesca/P1_Pesca/Saved/Config/Windows/Scalability.ini]
[2022.02.17-12.27.32:256][  0]LogConfig: Setting CVar [[r.HairStrands.SkyLighting.IntegrationType:2]]
[2022.02.17-12.27.32:256][  0]LogConfig: Setting CVar [[r.HairStrands.SkyAO.SampleCount:4]]
[2022.02.17-12.27.32:256][  0]LogConfig: Setting CVar [[r.HairStrands.Visibility.MSAA.SamplePerPixel:4]]
[2022.02.17-12.27.32:256][  0]LogInit: Selected Device Profile: [Windows]
[2022.02.17-12.27.32:256][  0]LogInit: Applying CVar settings loaded from the selected device profile: [Windows]
[2022.02.17-12.27.32:256][  0]LogHAL: Display: Platform has ~ 16 GB [17085927424 / 17179869184 / 16], which maps to Larger [LargestMinGB=32, LargerMinGB=12, DefaultMinGB=8, SmallerMinGB=6, SmallestMinGB=0)
[2022.02.17-12.27.32:256][  0]LogInit: Going up to parent DeviceProfile []
[2022.02.17-12.27.32:256][  0]LogConfig: Applying CVar settings from Section [ViewDistanceQuality@3] File [F:/Tecnocampus/3r/Motors/P1_PrototipPesca/P1_Pesca/Saved/Config/Windows/Scalability.ini]
[2022.02.17-12.27.32:256][  0]LogConfig: Setting CVar [[r.SkeletalMeshLODBias:0]]
[2022.02.17-12.27.32:256][  0]LogConfig: Setting CVar [[r.ViewDistanceScale:1.0]]
[2022.02.17-12.27.32:256][  0]LogConfig: Applying CVar settings from Section [AntiAliasingQuality@3] File [F:/Tecnocampus/3r/Motors/P1_PrototipPesca/P1_Pesca/Saved/Config/Windows/Scalability.ini]
[2022.02.17-12.27.32:256][  0]LogConfig: Setting CVar [[r.PostProcessAAQuality:4]]
[2022.02.17-12.27.32:256][  0]LogConfig: Applying CVar settings from Section [ShadowQuality@3] File [F:/Tecnocampus/3r/Motors/P1_PrototipPesca/P1_Pesca/Saved/Config/Windows/Scalability.ini]
[2022.02.17-12.27.32:256][  0]LogConfig: Setting CVar [[r.LightFunctionQuality:1]]
[2022.02.17-12.27.32:256][  0]LogConfig: Setting CVar [[r.ShadowQuality:5]]
[2022.02.17-12.27.32:256][  0]LogConfig: Setting CVar [[r.Shadow.CSM.MaxCascades:10]]
[2022.02.17-12.27.32:256][  0]LogConfig: Setting CVar [[r.Shadow.MaxResolution:2048]]
[2022.02.17-12.27.32:256][  0]LogConfig: Setting CVar [[r.Shadow.MaxCSMResolution:2048]]
[2022.02.17-12.27.32:256][  0]LogConfig: Setting CVar [[r.Shadow.RadiusThreshold:0.01]]
[2022.02.17-12.27.32:256][  0]LogConfig: Setting CVar [[r.Shadow.DistanceScale:1.0]]
[2022.02.17-12.27.32:256][  0]LogConfig: Setting CVar [[r.Shadow.CSM.TransitionScale:1.0]]
[2022.02.17-12.27.32:256][  0]LogConfig: Setting CVar [[r.Shadow.PreShadowResolutionFactor:1.0]]
[2022.02.17-12.27.32:256][  0]LogConfig: Setting CVar [[r.DistanceFieldShadowing:1]]
[2022.02.17-12.27.32:256][  0]LogConfig: Setting CVar [[r.DistanceFieldAO:1]]
[2022.02.17-12.27.32:256][  0]LogConfig: Setting CVar [[r.AOQuality:2]]
[2022.02.17-12.27.32:256][  0]LogConfig: Setting CVar [[r.VolumetricFog:1]]
[2022.02.17-12.27.32:256][  0]LogConfig: Setting CVar [[r.VolumetricFog.GridPixelSize:8]]
[2022.02.17-12.27.32:256][  0]LogConfig: Setting CVar [[r.VolumetricFog.GridSizeZ:128]]
[2022.02.17-12.27.32:256][  0]LogConfig: Setting CVar [[r.VolumetricFog.HistoryMissSupersampleCount:4]]
[2022.02.17-12.27.32:257][  0]LogConfig: Setting CVar [[r.LightMaxDrawDistanceScale:1]]
[2022.02.17-12.27.32:257][  0]LogConfig: Setting CVar [[r.CapsuleShadows:1]]
[2022.02.17-12.27.32:257][  0]LogConfig: Applying CVar settings from Section [PostProcessQuality@3] File [F:/Tecnocampus/3r/Motors/P1_PrototipPesca/P1_Pesca/Saved/Config/Windows/Scalability.ini]
[2022.02.17-12.27.32:257][  0]LogConfig: Setting CVar [[r.MotionBlurQuality:4]]
[2022.02.17-12.27.32:257][  0]LogConfig: Setting CVar [[r.AmbientOcclusionMipLevelFactor:0.4]]
[2022.02.17-12.27.32:257][  0]LogConfig: Setting CVar [[r.AmbientOcclusionMaxQuality:100]]
[2022.02.17-12.27.32:257][  0]LogConfig: Setting CVar [[r.AmbientOcclusionLevels:-1]]
[2022.02.17-12.27.32:257][  0]LogConfig: Setting CVar [[r.AmbientOcclusionRadiusScale:1.0]]
[2022.02.17-12.27.32:257][  0]LogConfig: Setting CVar [[r.DepthOfFieldQuality:2]]
[2022.02.17-12.27.32:257][  0]LogConfig: Setting CVar [[r.RenderTargetPoolMin:400]]
[2022.02.17-12.27.32:257][  0]LogConfig: Setting CVar [[r.LensFlareQuality:2]]
[2022.02.17-12.27.32:257][  0]LogConfig: Setting CVar [[r.SceneColorFringeQuality:1]]
[2022.02.17-12.27.32:257][  0]LogConfig: Setting CVar [[r.EyeAdaptationQuality:2]]
[2022.02.17-12.27.32:257][  0]LogConfig: Setting CVar [[r.BloomQuality:5]]
[2022.02.17-12.27.32:257][  0]LogConfig: Setting CVar [[r.FastBlurThreshold:100]]
[2022.02.17-12.27.32:257][  0]LogConfig: Setting CVar [[r.Upscale.Quality:3]]
[2022.02.17-12.27.32:257][  0]LogConfig: Setting CVar [[r.Tonemapper.GrainQuantization:1]]
[2022.02.17-12.27.32:257][  0]LogConfig: Setting CVar [[r.LightShaftQuality:1]]
[2022.02.17-12.27.32:257][  0]LogConfig: Setting CVar [[r.Filter.SizeScale:1]]
[2022.02.17-12.27.32:257][  0]LogConfig: Setting CVar [[r.Tonemapper.Quality:5]]
[2022.02.17-12.27.32:257][  0]LogConfig: Setting CVar [[r.DOF.Gather.AccumulatorQuality:1        ; higher gathering accumulator quality]]
[2022.02.17-12.27.32:257][  0]LogConfig: Setting CVar [[r.DOF.Gather.PostfilterMethod:1          ; Median3x3 postfilering method]]
[2022.02.17-12.27.32:257][  0]LogConfig: Setting CVar [[r.DOF.Gather.EnableBokehSettings:0       ; no bokeh simulation when gathering]]
[2022.02.17-12.27.32:257][  0]LogConfig: Setting CVar [[r.DOF.Gather.RingCount:4                 ; medium number of samples when gathering]]
[2022.02.17-12.27.32:257][  0]LogConfig: Setting CVar [[r.DOF.Scatter.ForegroundCompositing:1    ; additive foreground scattering]]
[2022.02.17-12.27.32:257][  0]LogConfig: Setting CVar [[r.DOF.Scatter.BackgroundCompositing:2    ; additive background scattering]]
[2022.02.17-12.27.32:257][  0]LogConfig: Setting CVar [[r.DOF.Scatter.EnableBokehSettings:1      ; bokeh simulation when scattering]]
[2022.02.17-12.27.32:257][  0]LogConfig: Setting CVar [[r.DOF.Scatter.MaxSpriteRatio:0.1         ; only a maximum of 10% of scattered bokeh]]
[2022.02.17-12.27.32:257][  0]LogConfig: Setting CVar [[r.DOF.Recombine.Quality:1                ; cheap slight out of focus]]
[2022.02.17-12.27.32:257][  0]LogConfig: Setting CVar [[r.DOF.Recombine.EnableBokehSettings:0    ; no bokeh simulation on slight out of focus]]
[2022.02.17-12.27.32:257][  0]LogConfig: Setting CVar [[r.DOF.TemporalAAQuality:1                ; more stable temporal accumulation]]
[2022.02.17-12.27.32:257][  0]LogConfig: Setting CVar [[r.DOF.Kernel.MaxForegroundRadius:0.025]]
[2022.02.17-12.27.32:257][  0]LogConfig: Setting CVar [[r.DOF.Kernel.MaxBackgroundRadius:0.025]]
[2022.02.17-12.27.32:257][  0]LogConfig: Applying CVar settings from Section [TextureQuality@3] File [F:/Tecnocampus/3r/Motors/P1_PrototipPesca/P1_Pesca/Saved/Config/Windows/Scalability.ini]
[2022.02.17-12.27.32:257][  0]LogConfig: Setting CVar [[r.Streaming.MipBias:0]]
[2022.02.17-12.27.32:257][  0]LogConfig: Setting CVar [[r.Streaming.AmortizeCPUToGPUCopy:0]]
[2022.02.17-12.27.32:257][  0]LogConfig: Setting CVar [[r.Streaming.MaxNumTexturesToStreamPerFrame:0]]
[2022.02.17-12.27.32:257][  0]LogConfig: Setting CVar [[r.Streaming.Boost:1]]
[2022.02.17-12.27.32:257][  0]LogConfig: Setting CVar [[r.MaxAnisotropy:8]]
[2022.02.17-12.27.32:257][  0]LogConfig: Setting CVar [[r.VT.MaxAnisotropy:8]]
[2022.02.17-12.27.32:257][  0]LogConfig: Setting CVar [[r.Streaming.LimitPoolSizeToVRAM:0]]
[2022.02.17-12.27.32:257][  0]LogConfig: Setting CVar [[r.Streaming.PoolSize:1000]]
[2022.02.17-12.27.32:257][  0]LogConfig: Setting CVar [[r.Streaming.MaxEffectiveScreenSize:0]]
[2022.02.17-12.27.32:257][  0]LogConfig: Applying CVar settings from Section [EffectsQuality@3] File [F:/Tecnocampus/3r/Motors/P1_PrototipPesca/P1_Pesca/Saved/Config/Windows/Scalability.ini]
[2022.02.17-12.27.32:257][  0]LogConfig: Setting CVar [[r.TranslucencyLightingVolumeDim:64]]
[2022.02.17-12.27.32:257][  0]LogConfig: Setting CVar [[r.RefractionQuality:2]]
[2022.02.17-12.27.32:257][  0]LogConfig: Setting CVar [[r.SSR.Quality:3]]
[2022.02.17-12.27.32:257][  0]LogConfig: Setting CVar [[r.SSR.HalfResSceneColor:0]]
[2022.02.17-12.27.32:257][  0]LogConfig: Setting CVar [[r.SceneColorFormat:4]]
[2022.02.17-12.27.32:257][  0]LogConfig: Setting CVar [[r.DetailMode:2]]
[2022.02.17-12.27.32:257][  0]LogConfig: Setting CVar [[r.TranslucencyVolumeBlur:1]]
[2022.02.17-12.27.32:257][  0]LogConfig: Setting CVar [[r.MaterialQualityLevel:1 ; High quality]]
[2022.02.17-12.27.32:257][  0]LogConfig: Setting CVar [[r.AnisotropicMaterials:1]]
[2022.02.17-12.27.32:257][  0]LogConfig: Setting CVar [[r.SSS.Scale:1]]
[2022.02.17-12.27.32:257][  0]LogConfig: Setting CVar [[r.SSS.SampleSet:2]]
[2022.02.17-12.27.32:257][  0]LogConfig: Setting CVar [[r.SSS.Quality:1]]
[2022.02.17-12.27.32:257][  0]LogConfig: Setting CVar [[r.SSS.HalfRes:0]]
[2022.02.17-12.27.32:257][  0]LogConfig: Setting CVar [[r.SSGI.Quality:3]]
[2022.02.17-12.27.32:257][  0]LogConfig: Setting CVar [[r.EmitterSpawnRateScale:1.0]]
[2022.02.17-12.27.32:257][  0]LogConfig: Setting CVar [[r.ParticleLightQuality:2]]
[2022.02.17-12.27.32:257][  0]LogConfig: Setting CVar [[r.SkyAtmosphere.AerialPerspectiveLUT.FastApplyOnOpaque:1 ; Always have FastSkyLUT 1 in this case to avoid wrong sky]]
[2022.02.17-12.27.32:257][  0]LogConfig: Setting CVar [[r.SkyAtmosphere.AerialPerspectiveLUT.SampleCountMaxPerSlice:4]]
[2022.02.17-12.27.32:257][  0]LogConfig: Setting CVar [[r.SkyAtmosphere.AerialPerspectiveLUT.DepthResolution:16.0]]
[2022.02.17-12.27.32:257][  0]LogConfig: Setting CVar [[r.SkyAtmosphere.FastSkyLUT:1]]
[2022.02.17-12.27.32:257][  0]LogConfig: Setting CVar [[r.SkyAtmosphere.FastSkyLUT.SampleCountMin:4.0]]
[2022.02.17-12.27.32:257][  0]LogConfig: Setting CVar [[r.SkyAtmosphere.FastSkyLUT.SampleCountMax:128.0]]
[2022.02.17-12.27.32:257][  0]LogConfig: Setting CVar [[r.SkyAtmosphere.SampleCountMin:4.0]]
[2022.02.17-12.27.32:257][  0]LogConfig: Setting CVar [[r.SkyAtmosphere.SampleCountMax:128.0]]
[2022.02.17-12.27.32:257][  0]LogConfig: Setting CVar [[r.SkyAtmosphere.TransmittanceLUT.UseSmallFormat:0]]
[2022.02.17-12.27.32:257][  0]LogConfig: Setting CVar [[r.SkyAtmosphere.TransmittanceLUT.SampleCount:10.0]]
[2022.02.17-12.27.32:257][  0]LogConfig: Setting CVar [[r.SkyAtmosphere.MultiScatteringLUT.SampleCount:15.0]]
[2022.02.17-12.27.32:257][  0]LogConfig: Setting CVar [[r.SkyLight.RealTimeReflectionCapture:1]]
[2022.02.17-12.27.32:257][  0]LogConfig: Applying CVar settings from Section [FoliageQuality@3] File [F:/Tecnocampus/3r/Motors/P1_PrototipPesca/P1_Pesca/Saved/Config/Windows/Scalability.ini]
[2022.02.17-12.27.32:257][  0]LogConfig: Setting CVar [[foliage.DensityScale:1.0]]
[2022.02.17-12.27.32:258][  0]LogConfig: Setting CVar [[grass.DensityScale:1.0]]
[2022.02.17-12.27.32:258][  0]LogConfig: Applying CVar settings from Section [ShadingQuality@3] File [F:/Tecnocampus/3r/Motors/P1_PrototipPesca/P1_Pesca/Saved/Config/Windows/Scalability.ini]
[2022.02.17-12.27.32:258][  0]LogConfig: Setting CVar [[r.HairStrands.SkyLighting.IntegrationType:2]]
[2022.02.17-12.27.32:258][  0]LogConfig: Setting CVar [[r.HairStrands.SkyAO.SampleCount:4]]
[2022.02.17-12.27.32:258][  0]LogConfig: Setting CVar [[r.HairStrands.Visibility.MSAA.SamplePerPixel:4]]
[2022.02.17-12.27.32:258][  0]LogConfig: Applying CVar settings from Section [Startup] File [../../../Engine/Config/ConsoleVariables.ini]
[2022.02.17-12.27.32:258][  0]LogConfig: Setting CVar [[net.UseAdaptiveNetUpdateFrequency:0]]
[2022.02.17-12.27.32:258][  0]LogConfig: Setting CVar [[p.chaos.AllowCreatePhysxBodies:1]]
[2022.02.17-12.27.32:258][  0]LogConfig: Setting CVar [[fx.SkipVectorVMBackendOptimizations:1]]
[2022.02.17-12.27.32:258][  0]LogConfig: Applying CVar settings from Section [ConsoleVariables] File [F:/Tecnocampus/3r/Motors/P1_PrototipPesca/P1_Pesca/Saved/Config/Windows/Engine.ini]
[2022.02.17-12.27.32:258][  0]LogConfig: Applying CVar settings from Section [ConsoleVariables] File [F:/Tecnocampus/3r/Motors/P1_PrototipPesca/P1_Pesca/Saved/Config/Windows/Editor.ini]
[2022.02.17-12.27.32:258][  0]LogInit: Computer: DESKTOP-NUFAR8C
[2022.02.17-12.27.32:258][  0]LogInit: User: newyo
[2022.02.17-12.27.32:258][  0]LogInit: CPU Page size=4096, Cores=6
[2022.02.17-12.27.32:258][  0]LogInit: High frequency timer resolution =10.000000 MHz
[2022.02.17-12.27.32:258][  0]LogMemory: Memory total: Physical=15.9GB (16GB approx)
[2022.02.17-12.27.32:258][  0]LogMemory: Platform Memory Stats for Windows
[2022.02.17-12.27.32:258][  0]LogMemory: Process Physical Memory: 147.07 MB used, 147.34 MB peak
[2022.02.17-12.27.32:258][  0]LogMemory: Process Virtual Memory: 131.73 MB used, 131.73 MB peak
[2022.02.17-12.27.32:258][  0]LogMemory: Physical Memory: 12069.71 MB used,  4224.70 MB free, 16294.41 MB total
[2022.02.17-12.27.32:258][  0]LogMemory: Virtual Memory: 134212464.00 MB used,  5262.62 MB free, 134217728.00 MB total
[2022.02.17-12.27.32:269][  0]LogWindows: WindowsPlatformFeatures enabled
[2022.02.17-12.27.32:346][  0]LogInit: Physics initialised using underlying interface: PhysX
[2022.02.17-12.27.32:347][  0]LogInit: Using OS detected language (es-ES).
[2022.02.17-12.27.32:347][  0]LogInit: Using OS detected locale (es-ES).
[2022.02.17-12.27.32:351][  0]LogTextLocalizationManager: No specific localization for 'es-ES' exists, so the 'es' localization will be used.
[2022.02.17-12.27.32:395][  0]LogInit: Setting process to per monitor DPI aware
[2022.02.17-12.27.32:411][  0]LogWindowsTextInputMethodSystem: Display: IME system deactivated.
[2022.02.17-12.27.32:427][  0]LogSlate: New Slate User Created.  User Index 0, Is Virtual User: 0
[2022.02.17-12.27.32:427][  0]LogSlate: Slate User Registered.  User Index 0, Is Virtual User: 0
[2022.02.17-12.27.32:719][  0]LogD3D11RHI: Loaded GFSDK_Aftermath_Lib.x64.dll
[2022.02.17-12.27.38:323][  0]LogHMD: Failed to initialize OpenVR with code 108
[2022.02.17-12.27.38:323][  0]LogD3D11RHI: D3D11 min allowed feature level: 11_0
[2022.02.17-12.27.38:323][  0]LogD3D11RHI: D3D11 max allowed feature level: 11_0
[2022.02.17-12.27.38:323][  0]LogD3D11RHI: D3D11 adapters:
[2022.02.17-12.27.38:479][  0]LogD3D11RHI:    0. 'NVIDIA GeForce GTX 1660 Ti' (Feature Level 11_0)
[2022.02.17-12.27.38:480][  0]LogD3D11RHI:       5991/0/8147 MB DedicatedVideo/DedicatedSystem/SharedSystem, Outputs:1, VendorId:0x10de
[2022.02.17-12.27.38:484][  0]LogD3D11RHI:    1. 'Microsoft Basic Render Driver' (Feature Level 11_0)
[2022.02.17-12.27.38:484][  0]LogD3D11RHI:       0/0/8147 MB DedicatedVideo/DedicatedSystem/SharedSystem, Outputs:0, VendorId:0x1414
[2022.02.17-12.27.38:484][  0]LogD3D11RHI: Chosen D3D11 Adapter:
[2022.02.17-12.27.38:484][  0]LogD3D11RHI:     Description : NVIDIA GeForce GTX 1660 Ti
[2022.02.17-12.27.38:484][  0]LogD3D11RHI:     VendorId    : 10de
[2022.02.17-12.27.38:484][  0]LogD3D11RHI:     DeviceId    : 2182
[2022.02.17-12.27.38:484][  0]LogD3D11RHI:     SubSysId    : 37501462
[2022.02.17-12.27.38:484][  0]LogD3D11RHI:     Revision    : 00a1
[2022.02.17-12.27.38:484][  0]LogD3D11RHI:     DedicatedVideoMemory : 6282018816 bytes
[2022.02.17-12.27.38:484][  0]LogD3D11RHI:     DedicatedSystemMemory : 0 bytes
[2022.02.17-12.27.38:484][  0]LogD3D11RHI:     SharedSystemMemory : 8542963712 bytes
[2022.02.17-12.27.38:484][  0]LogD3D11RHI:     AdapterLuid : 0 45222
[2022.02.17-12.27.38:497][  0]LogD3D11RHI: Creating new Direct3DDevice
[2022.02.17-12.27.38:497][  0]LogD3D11RHI:     GPU DeviceId: 0x2182 (for the marketing name, search the web for "GPU Device Id")
[2022.02.17-12.27.38:497][  0]LogWindows: EnumDisplayDevices:
[2022.02.17-12.27.38:497][  0]LogWindows:    0. 'NVIDIA GeForce GTX 1660 Ti' (P:1 D:1)
[2022.02.17-12.27.38:498][  0]LogWindows:    1. 'NVIDIA GeForce GTX 1660 Ti' (P:0 D:0)
[2022.02.17-12.27.38:498][  0]LogWindows:    2. 'NVIDIA GeForce GTX 1660 Ti' (P:0 D:0)
[2022.02.17-12.27.38:499][  0]LogWindows:    3. 'NVIDIA GeForce GTX 1660 Ti' (P:0 D:0)
[2022.02.17-12.27.38:499][  0]LogWindows: DebugString: FoundDriverCount:4 
[2022.02.17-12.27.38:499][  0]LogD3D11RHI:     Adapter Name: NVIDIA GeForce GTX 1660 Ti
[2022.02.17-12.27.38:499][  0]LogD3D11RHI:   Driver Version: 497.29 (internal:30.0.14.9729, unified:497.29)
[2022.02.17-12.27.38:499][  0]LogD3D11RHI:      Driver Date: 12-15-2021
[2022.02.17-12.27.38:499][  0]LogRHI: Texture pool is 4193 MB (70% of 5991 MB)
[2022.02.17-12.27.38:499][  0]LogD3D11RHI: Creating D3DDevice using adapter:
[2022.02.17-12.27.38:499][  0]LogD3D11RHI:     Description : NVIDIA GeForce GTX 1660 Ti
[2022.02.17-12.27.38:499][  0]LogD3D11RHI:     VendorId    : 10de
[2022.02.17-12.27.38:499][  0]LogD3D11RHI:     DeviceId    : 2182
[2022.02.17-12.27.38:499][  0]LogD3D11RHI:     SubSysId    : 37501462
[2022.02.17-12.27.38:499][  0]LogD3D11RHI:     Revision    : 00a1
[2022.02.17-12.27.38:499][  0]LogD3D11RHI:     DedicatedVideoMemory : 6282018816 bytes
[2022.02.17-12.27.38:499][  0]LogD3D11RHI:     DedicatedSystemMemory : 0 bytes
[2022.02.17-12.27.38:499][  0]LogD3D11RHI:     SharedSystemMemory : 8542963712 bytes
[2022.02.17-12.27.38:499][  0]LogD3D11RHI:     AdapterLuid : 0 45222
[2022.02.17-12.27.38:598][  0]LogD3D11RHI: RHI has support for 64 bit atomics
[2022.02.17-12.27.38:598][  0]LogD3D11RHI: Async texture creation enabled
[2022.02.17-12.27.38:598][  0]LogD3D11RHI: Array index from any shader is supported
[2022.02.17-12.27.38:625][  0]LogD3D11RHI: GPU Timing Frequency: 1000.000000 (Debug: 2 2)
[2022.02.17-12.27.38:650][  0]LogRHI: GeForceNow SDK initialized: 1
[2022.02.17-12.27.39:321][  0]LogTargetPlatformManager: Display: Loaded TargetPlatform 'AllDesktop'
[2022.02.17-12.27.39:351][  0]LogTargetPlatformManager: Display: Loaded TargetPlatform 'Android'
[2022.02.17-12.27.39:351][  0]LogTargetPlatformManager: Display: Loaded TargetPlatform 'Android_ASTC'
[2022.02.17-12.27.39:351][  0]LogTargetPlatformManager: Display: Loaded TargetPlatform 'Android_DXT'
[2022.02.17-12.27.39:351][  0]LogTargetPlatformManager: Display: Loaded TargetPlatform 'Android_ETC2'
[2022.02.17-12.27.39:351][  0]LogTargetPlatformManager: Display: Loaded TargetPlatform 'AndroidClient'
[2022.02.17-12.27.39:351][  0]LogTargetPlatformManager: Display: Loaded TargetPlatform 'Android_ASTCClient'
[2022.02.17-12.27.39:351][  0]LogTargetPlatformManager: Display: Loaded TargetPlatform 'Android_DXTClient'
[2022.02.17-12.27.39:351][  0]LogTargetPlatformManager: Display: Loaded TargetPlatform 'Android_ETC2Client'
[2022.02.17-12.27.39:351][  0]LogTargetPlatformManager: Display: Loaded TargetPlatform 'Android_Multi'
[2022.02.17-12.27.39:351][  0]LogTargetPlatformManager: Display: Loaded TargetPlatform 'Android_MultiClient'
[2022.02.17-12.27.39:375][  0]LogTargetPlatformManager: Display: Loaded TargetPlatform 'IOSClient'
[2022.02.17-12.27.39:375][  0]LogTargetPlatformManager: Display: Loaded TargetPlatform 'IOS'
[2022.02.17-12.27.39:390][  0]LogTargetPlatformManager: Display: Loaded TargetPlatform 'Linux'
[2022.02.17-12.27.39:396][  0]LogTargetPlatformManager: Display: Loaded TargetPlatform 'LinuxNoEditor'
[2022.02.17-12.27.39:404][  0]LogTargetPlatformManager: Display: Loaded TargetPlatform 'LinuxClient'
[2022.02.17-12.27.39:411][  0]LogTargetPlatformManager: Display: Loaded TargetPlatform 'LinuxServer'
[2022.02.17-12.27.39:424][  0]LogTargetPlatformManager: Display: Loaded TargetPlatform 'LinuxAArch64NoEditor'
[2022.02.17-12.27.39:431][  0]LogTargetPlatformManager: Display: Loaded TargetPlatform 'LinuxAArch64Client'
[2022.02.17-12.27.39:438][  0]LogTargetPlatformManager: Display: Loaded TargetPlatform 'LinuxAArch64Server'
[2022.02.17-12.27.39:468][  0]LogTargetPlatformManager: Display: Loaded TargetPlatform 'Lumin'
[2022.02.17-12.27.39:468][  0]LogTargetPlatformManager: Display: Loaded TargetPlatform 'LuminClient'
[2022.02.17-12.27.39:479][  0]LogTargetPlatformManager: Display: Loaded TargetPlatform 'MacNoEditor'
[2022.02.17-12.27.39:486][  0]LogTargetPlatformManager: Display: Loaded TargetPlatform 'Mac'
[2022.02.17-12.27.39:492][  0]LogTargetPlatformManager: Display: Loaded TargetPlatform 'MacClient'
[2022.02.17-12.27.39:500][  0]LogTargetPlatformManager: Display: Loaded TargetPlatform 'MacServer'
[2022.02.17-12.27.39:514][  0]LogTargetPlatformManager: Display: Loaded TargetPlatform 'TVOSClient'
[2022.02.17-12.27.39:514][  0]LogTargetPlatformManager: Display: Loaded TargetPlatform 'TVOS'
[2022.02.17-12.27.39:525][  0]LogTargetPlatformManager: Display: Loaded TargetPlatform 'WindowsNoEditor'
[2022.02.17-12.27.39:534][  0]LogTargetPlatformManager: Display: Loaded TargetPlatform 'Windows'
[2022.02.17-12.27.39:540][  0]LogTargetPlatformManager: Display: Loaded TargetPlatform 'WindowsClient'
[2022.02.17-12.27.39:548][  0]LogTargetPlatformManager: Display: Loaded TargetPlatform 'WindowsServer'
[2022.02.17-12.27.39:548][  0]LogTargetPlatformManager: Display: Building Assets For Windows
[2022.02.17-12.27.39:560][  0]LogAudioDebug: Display: Lib vorbis DLL was dynamically loaded.
[2022.02.17-12.27.39:604][  0]LogTextureFormatOodle: Display: Oodle Texture 2.9.0 init RDO Off
[2022.02.17-12.27.39:653][  0]LogRendererCore: Ray tracing is disabled. Reason: r.RayTracing=0.
[2022.02.17-12.27.39:653][  0]LogShaderCompilers: Guid format shader working directory is -20 characters bigger than the processId version (../../../../../../Tecnocampus/3r/Motors/P1_PrototipPesca/P1_Pesca/Intermediate/Shaders/WorkingDirectory/29604/).
[2022.02.17-12.27.39:653][  0]LogShaderCompilers: Cleaned the shader compiler working directory 'C:/Users/newyo/AppData/Local/Temp/UnrealShaderWorkingDir/CC3CD0724814D8A87B4216A20DF6DFD7/'.
[2022.02.17-12.27.39:653][  0]LogXGEController: Cannot use XGE Controller as Incredibuild is not installed on this machine.
[2022.02.17-12.27.39:654][  0]LogShaderCompilers: Cannot use XGE Shader Compiler as Incredibuild is not installed on this machine.
[2022.02.17-12.27.39:654][  0]LogShaderCompilers: Display: Using Local Shader Compiler.
[2022.02.17-12.27.40:577][  0]LogDerivedDataCache: Display: Max Cache Size: 512 MB
[2022.02.17-12.27.40:692][  0]LogDerivedDataCache: Loaded boot cache 0.09s 96MB C:/Users/newyo/AppData/Local/UnrealEngine/4.27/DerivedDataCache/Boot.ddc.
[2022.02.17-12.27.40:693][  0]LogDerivedDataCache: Display: Loaded Boot cache: C:/Users/newyo/AppData/Local/UnrealEngine/4.27/DerivedDataCache/Boot.ddc
[2022.02.17-12.27.40:693][  0]LogDerivedDataCache: FDerivedDataBackendGraph:  Pak pak cache file ../../../../../../Tecnocampus/3r/Motors/P1_PrototipPesca/P1_Pesca/DerivedDataCache/DDC.ddp not found, will not use a pak cache.
[2022.02.17-12.27.40:693][  0]LogDerivedDataCache: Unable to find inner node Pak for hierarchical cache Hierarchy.
[2022.02.17-12.27.40:693][  0]LogDerivedDataCache: FDerivedDataBackendGraph:  CompressedPak pak cache file ../../../../../../Tecnocampus/3r/Motors/P1_PrototipPesca/P1_Pesca/DerivedDataCache/Compressed.ddp not found, will not use a pak cache.
[2022.02.17-12.27.40:693][  0]LogDerivedDataCache: Unable to find inner node CompressedPak for hierarchical cache Hierarchy.
[2022.02.17-12.27.40:715][  0]LogDerivedDataCache: Display: Pak cache opened for reading ../../../Engine/DerivedDataCache/Compressed.ddp.
[2022.02.17-12.27.40:715][  0]LogDerivedDataCache: FDerivedDataBackendGraph:  EnterprisePak pak cache file ../../../Enterprise/DerivedDataCache/Compressed.ddp not found, will not use a pak cache.
[2022.02.17-12.27.40:715][  0]LogDerivedDataCache: Unable to find inner node EnterprisePak for hierarchical cache Hierarchy.
[2022.02.17-12.27.40:726][  0]LogDerivedDataCache: Speed tests for C:/Users/newyo/AppData/Local/UnrealEngine/Common/DerivedDataCache took 0.01 seconds
[2022.02.17-12.27.40:726][  0]LogDerivedDataCache: Display: Performance to C:/Users/newyo/AppData/Local/UnrealEngine/Common/DerivedDataCache: Latency=0.06ms. RandomReadSpeed=627.62MBs, RandomWriteSpeed=115.86MBs. Assigned SpeedClass 'Local'
[2022.02.17-12.27.40:727][  0]LogDerivedDataCache: Using Local data cache path C:/Users/newyo/AppData/Local/UnrealEngine/Common/DerivedDataCache: Writable
[2022.02.17-12.27.40:727][  0]LogDerivedDataCache: Shared data cache path not found in *engine.ini, will not use an Shared cache.
[2022.02.17-12.27.40:727][  0]LogDerivedDataCache: Unable to find inner node Shared for hierarchical cache Hierarchy.
[2022.02.17-12.27.40:791][  0]LogSlate: Using FreeType 2.10.0
[2022.02.17-12.27.40:792][  0]LogSlate: SlateFontServices - WITH_FREETYPE: 1, WITH_HARFBUZZ: 1
[2022.02.17-12.27.40:869][  0]LogAssetRegistry: FAssetRegistry took 0.0047 seconds to start up
[2022.02.17-12.27.41:223][  0]LogInit: Selected Device Profile: [Windows]
[2022.02.17-12.27.41:223][  0]LogInit: Active device profile: [0000023595AAA500][0000023594FE16C0 49] Windows
[2022.02.17-12.27.41:223][  0]LogInit: Profiles: [0000023595AAA500][0000023594FE16C0 49] Windows, [0000023595A6A300][0000023594FE9840 49] WindowsNoEditor, [0000023595AAAB00][0000023594FED9C0 49] WindowsServer, [0000023595A6AE00][0000023594FF1B40 49] WindowsClient, [0000023595AAB500][0000023594FF4140 49] IOS, [0000023595A6AC00][0000023594FF82C0 49] iPadAir, [0000023595AAA600][0000023594FFC440 49] iPadAir2, [0000023595A15C00][0000023595004700 49] IPadPro, [0000023595A15D00][0000023595000740 49] iPadAir3, [0000023595AAAD00][0000023594FE4880 49] iPadAir4, [0000023595A15900][00000235950089C0 49] iPadMini2, [0000023595AA9F00][000002359500CB00 49] iPadMini3, [0000023595A17F00][0000023595014C80 49] iPadMini4, [0000023595AA9D00][0000023595018E00 49] iPadMini5, [0000023595A4D300][00000235950210C0 49] iPhone6, [0000023595A4D400][000002359501D100 49] iPodTouch6, [0000023595A14400][00000235950293C0 49] iPhone7, [0000023595A14300][0000023595025400 49] iPodTouch7, [0000023595A4D600][000002359502D580 49] iPhone5S, [0000023595A17E00][0000023595031700 49] iPhone6Plus, [0000023595A4F500][0000023595035880 49] iPhone6S, [0000023595A16B00][0000023595039A00 49] iPhone6SPlus, [0000023595A4F700][000002359503DB80 49] iPhone7Plus, [0000023595A16100][0000023595040180 49] iPhoneSE, [0000023595A4F200][0000023595044300 49] iPhone8, [0000023595A16000][0000023595048480 49] iPhone8Plus, [0000023595A4C600][000002359504C600 49] iPhoneX, [0000023595A17200][000002359621E780 49] iPhoneXS, [0000023595A4E700][0000023596222900 49] iPhoneXSMax, [0000023595A14F00][0000023595010A40 49] iPhoneXR, [0000023595A4DC00][0000023596226B80 49] iPhone11, [0000023595A16200][000002359622ACC0 49] iPhone11Pro, [0000023595A4C200][0000023596232E40 49] iPhone11ProMax, [0000023595A16800][0000023596236FC0 49] iPhoneSE2, [0000023595A4CD00][000002359623B140 49] iPhone12Mini, [0000023595A14D00][000002359623F2C0 49] iPhone12, [0000023595A4CA00][0000023596243440 49] iPhone12Pro, [0000023595A14A00][00000235962475C0 49] iPhone12ProMax, [0000023595A4FE00][000002359624B740 49] iPadPro105, [0000023595A14100][000002359624F8C0 49] iPadPro129, [0000023595A4F900][0000023596253A40 49] iPadPro97, [0000023595A17800][0000023596257BC0 49] iPadPro2_129, [0000023595A4F000][000002359625A1C0 49] iPad5, [0000023595A16500][000002359625E340 49] iPad6, [0000023595A69300][00000235962624C0 49] iPad7, [0000023595AE4500][00000235962D4640 49] iPad8, [0000023595A6B800][00000235962EA7C0 49] iPadPro11, [0000023595AE4700][00000235962EE940 49] iPadPro2_11, [0000023595A69D00][00000235962F2AC0 49] iPadPro3_129, [0000023595AE4F00][000002359622EC00 49] iPadPro4_129, [0000023595A6A700][00000235962F6D40 49] AppleTV, [0000023595AE4B00][00000235962FAE80 49] AppleTV4K, [0000023595A69200][00000235962FEFC0 49] TVOS, [0000023595AE4E00][0000023596307140 49] Mac, [0000023595A15F00][000002359630B2C0 49] MacClient, [0000023595A4F800][000002359630F440 49] MacNoEditor, [0000023595A15000][00000235963135C0 49] MacServer, [0000023595A4CF00][0000023596317740 49] Linux, [0000023595A15800][000002359631B8C0 49] LinuxAArch64, [0000023595A4EE00][000002359636FA40 49] LinuxNoEditor, [0000023595A16E00][0000023596377BC0 49] LinuxAArch64NoEditor, [0000023595A4DD00][00000235963861C0 49] LinuxClient, [0000023595A17B00][000002359638A340 49] LinuxAArch64Client, [0000023595A4C300][000002359638E4C0 49] LinuxServer, [0000023595A16600][0000023596392640 49] LinuxAArch64Server, [0000023595A4ED00][00000235963967C0 49] Android, [0000023595A17100][000002359639A940 49] Android_Low, [0000023595A4C400][0000023596430AC0 49] Android_Mid, [0000023595A14700][0000023596434C40 49] Android_High, [0000023595A4FA00][0000023596302D80 49] Android_Default, [0000023595A16C00][0000023596438EC0 49] Android_Adreno4xx, [0000023595A4F600][0000023596449000 49] Android_Adreno5xx_Low, [0000023595A14E00][0000023596451140 49] Android_Adreno5xx, [0000023595AE6000][00000235964FF2C0 49] Android_Adreno6xx, [0000023595A17C00][0000023596503440 49] Android_Adreno6xx_Vulkan, [0000023595A4D800][00000235965075C0 49] Android_Mali_T6xx, [0000023595A14200][000002359650B740 49] Android_Mali_T7xx, [0000023595A4C500][00000235965238C0 49] Android_Mali_T8xx, [0000023595A16400][0000023596527A40 49] Android_Mali_G71, [0000023595A4C800][0000023596531BC0 49] Android_Mali_G72, [0000023595A15600][00000235965341C0 49] Android_Mali_G72_Vulkan, [0000023595A4E000][000002359654C340 49] Android_Mali_G76, [0000023595A15300][00000235965644C0 49] Android_Mali_G76_Vulkan, [0000023595A4E500][00000235965DA640 49] Android_Mali_G77, [0000023595A15E00][00000235965FA7C0 49] Android_Mali_G77_Vulkan, [0000023595A4C900][00000235FA1BC940 49] Android_Mali_G78, [0000023595A15200][00000235FA1C0AC0 49] Android_Mali_G78_Vulkan, [0000023595A4D700][00000235FA1C4C40 49] Android_Mali_G710, [0000023595A15500][00000235FA1C8DC0 49] Android_Mali_G710_Vulkan, [0000023595A4CC00][00000235FA1CCF40 49] Android_Vulkan_SM5, [0000023595A15A00][00000235964EF080 49] Android_PowerVR_G6xxx, [0000023595A4D900][00000235FA1D11C0 49] Android_PowerVR_GT7xxx, [0000023595A15100][00000235FA1D5300 49] Android_PowerVR_GE8xxx, [0000023595A4F400][0000023596657480 49] Android_PowerVR_GM9xxx, [0000023595A17000][00000235966EF600 49] Android_PowerVR_GM9xxx_Vulkan, [0000023595A4CB00][00000235966F3780 49] Android_TegraK1, [0000023595A68400][00000235966F7900 49] Android_Unknown_Vulkan, [0000023595A4FF00][00000235966FBA80 49] Lumin, [0000023595AAAC00][00000235966FFC00 49] Lumin_Desktop, [0000023595A14600][0000023596702200 49] HoloLens, 
[2022.02.17-12.27.41:429][  0]LogMeshReduction: Using QuadricMeshReduction for automatic static mesh reduction
[2022.02.17-12.27.41:429][  0]LogMeshReduction: Using SimplygonMeshReduction for automatic skeletal mesh reduction
[2022.02.17-12.27.41:429][  0]LogMeshReduction: Using ProxyLODMeshReduction for automatic mesh merging
[2022.02.17-12.27.41:429][  0]LogMeshReduction: No distributed automatic mesh merging module available
[2022.02.17-12.27.41:429][  0]LogMeshMerging: No distributed automatic mesh merging module available
[2022.02.17-12.27.41:460][  0]LogNetVersion: P1_Pesca 1.0.0, NetCL: 17155196, EngineNetVer: 17, GameNetVer: 0 (Checksum: 3445324383)
[2022.02.17-12.27.42:728][  0]LogTexture: Default maximum texture size for cubemaps generated from long-lat sources has been changed from 512 to unlimited. In order to preserve old behaiour for '/Engine/MapTemplates/Sky/DaylightAmbientCubemap.DaylightAmbientCubemap', its maximum texture size has been explicitly set to 512.
[2022.02.17-12.27.42:826][  0]LogHMD: PokeAHoleMaterial loaded successfully
[2022.02.17-12.27.42:837][  0]LogUObjectArray: 17178 objects as part of root set at end of initial load.
[2022.02.17-12.27.42:837][  0]LogUObjectAllocator: 4302048 out of 0 bytes used by permanent object pool.
[2022.02.17-12.27.42:837][  0]LogUObjectArray: CloseDisregardForGC: 0/0 objects in disregard for GC pool
[2022.02.17-12.27.43:248][  0]LogPython: Using Python 3.7.7
[2022.02.17-12.27.44:033][  0]LogNiagaraDebuggerClient: Niagara Debugger Client Initialized | Session: 8B1C30014EF1CD9F6A519B90515DAEAA | Instance: EFB4D024416BBDD235A1419175F5539E (DESKTOP-NUFAR8C-29604).
[2022.02.17-12.27.44:719][  0]LogTcpMessaging: Initializing TcpMessaging bridge
[2022.02.17-12.27.44:823][  0]LogUdpMessaging: Initializing bridge on interface 0.0.0.0:0 to multicast group 230.0.0.1:6666.
[2022.02.17-12.27.45:105][  0]SourceControl: El control de código fuente está desactivado
[2022.02.17-12.27.45:105][  0]SourceControl: El control de código fuente está desactivado
[2022.02.17-12.27.45:110][  0]SourceControl: El control de código fuente está desactivado
[2022.02.17-12.27.45:116][  0]SourceControl: El control de código fuente está desactivado
[2022.02.17-12.27.45:121][  0]SourceControl: El control de código fuente está desactivado
[2022.02.17-12.27.45:137][  0]LogUProjectInfo: Found projects:
[2022.02.17-12.27.45:360][  0]LogOpenImageDenoise: OIDN starting up
[2022.02.17-12.27.45:437][  0]LogAndroidPermission: UAndroidPermissionCallbackProxy::GetInstance
[2022.02.17-12.27.45:474][  0]LogAudioCaptureCore: Display: No Audio Capture implementations found. Audio input will be silent.
[2022.02.17-12.27.45:474][  0]LogAudioCaptureCore: Display: No Audio Capture implementations found. Audio input will be silent.
[2022.02.17-12.27.45:690][  0]LogCollectionManager: Loaded 0 collections in 0.000960 seconds
[2022.02.17-12.27.45:730][  0]LogFileCache: Scanning file cache for directory 'F:/Tecnocampus/3r/Motors/P1_PrototipPesca/P1_Pesca/Saved/Collections/' took 0.00s
[2022.02.17-12.27.45:730][  0]LogFileCache: Scanning file cache for directory 'F:/Tecnocampus/3r/Motors/P1_PrototipPesca/P1_Pesca/Content/Developers/newyo/Collections/' took 0.00s
[2022.02.17-12.27.45:730][  0]LogFileCache: Scanning file cache for directory 'F:/Tecnocampus/3r/Motors/P1_PrototipPesca/P1_Pesca/Content/Collections/' took 0.00s
[2022.02.17-12.27.45:730][  0]LogOcInput: OculusInput pre-init called
[2022.02.17-12.27.46:208][  0]LogEngine: Initializing Engine...
[2022.02.17-12.27.46:624][  0]LogHMD: Failed to initialize OpenVR with code 108
[2022.02.17-12.27.46:908][  0]LogHMD: Optional extension XR_VARJO_quad_views is not available
[2022.02.17-12.27.46:939][  0]LogHMD: Warning: Required extension XR_EXT_eye_gaze_interaction is not available
[2022.02.17-12.27.46:939][  0]LogHMD: Could not enable all required OpenXR extensions for OpenXREyeTracker on current system. This plugin will be loaded but ignored, but will be enabled on a target platform that supports the required extension.
[2022.02.17-12.27.46:982][  0]LogHMD: Failed to create an OpenXR instance, result is XR_ERROR_RUNTIME_FAILURE. Please check if you have an OpenXR runtime installed. The following extensions were enabled:
[2022.02.17-12.27.46:982][  0]LogHMD: - XR_KHR_D3D11_enable
[2022.02.17-12.27.46:982][  0]LogHMD: - XR_KHR_D3D12_enable
[2022.02.17-12.27.46:982][  0]LogHMD: - XR_KHR_opengl_enable
[2022.02.17-12.27.46:982][  0]LogHMD: - XR_KHR_vulkan_enable
[2022.02.17-12.27.46:982][  0]LogHMD: - XR_KHR_composition_layer_depth
[2022.02.17-12.27.46:982][  0]LogHMD: - XR_KHR_visibility_mask
[2022.02.17-12.27.46:982][  0]LogHMD: - XR_EXT_hand_tracking
[2022.02.17-12.27.46:987][  0]LogMagicLeap: Warning: VR disabled because ZI is not enabled.  To enable, in the editor, Edit -> Project Settings -> Plugins -> Magic Leap Plugin -> Enable Zero Iteration
[2022.02.17-12.27.47:015][  0]LogStats: UGameplayTagsManager::InitializeManager -  0.001 s
[2022.02.17-12.27.47:209][  0]LogInit: Initializing FReadOnlyCVARCache
[2022.02.17-12.27.47:223][  0]LogAIModule: Creating AISystem for world Untitled
[2022.02.17-12.27.47:232][  0]LogAudio: Display: Initializing Audio Device Manager...
[2022.02.17-12.27.47:256][  0]LogAudio: Display: Loading Default Audio Settings Objects...
[2022.02.17-12.27.47:257][  0]LogAudio: Display: No default SoundConcurrencyObject specified (or failed to load).
[2022.02.17-12.27.47:257][  0]LogAudio: Display: Audio Device Manager Initialized
[2022.02.17-12.27.47:257][  0]LogAudio: Display: Creating Audio Device:                 Id: 1, Scope: Shared, Realtime: True
[2022.02.17-12.27.47:257][  0]LogAudioMixer: Display: Audio Mixer Platform Settings:
[2022.02.17-12.27.47:257][  0]LogAudioMixer: Display: 	Sample Rate:						  48000
[2022.02.17-12.27.47:257][  0]LogAudioMixer: Display: 	Callback Buffer Frame Size Requested: 1024
[2022.02.17-12.27.47:257][  0]LogAudioMixer: Display: 	Callback Buffer Frame Size To Use:	  1024
[2022.02.17-12.27.47:257][  0]LogAudioMixer: Display: 	Number of buffers to queue:			  2
[2022.02.17-12.27.47:257][  0]LogAudioMixer: Display: 	Max Channels (voices):				  32
[2022.02.17-12.27.47:257][  0]LogAudioMixer: Display: 	Number of Async Source Workers:		  0
[2022.02.17-12.27.47:257][  0]LogAudio: Display: AudioDevice MaxSources: 32
[2022.02.17-12.27.47:258][  0]LogAudio: Display: Audio Spatialization Plugin: None (built-in).
[2022.02.17-12.27.47:258][  0]LogAudio: Display: Audio Reverb Plugin: None (built-in).
[2022.02.17-12.27.47:258][  0]LogAudio: Display: Audio Occlusion Plugin: None (built-in).
[2022.02.17-12.27.47:258][  0]LogAudioMixer: Display: Initializing audio mixer.
[2022.02.17-12.27.47:280][  0]LogAudioMixer: Display: 0: FrontLeft
[2022.02.17-12.27.47:280][  0]LogAudioMixer: Display: 1: FrontRight
[2022.02.17-12.27.47:317][  0]LogAudioMixer: Display: Using Audio Device Altavoces (High Definition Audio Device)
[2022.02.17-12.27.47:321][  0]LogAudioMixer: Display: Initializing Sound Submixes...
[2022.02.17-12.27.47:324][  0]LogAudioMixer: Display: Creating Master Submix 'MasterSubmixDefault'
[2022.02.17-12.27.47:324][  0]LogAudioMixer: Display: Creating Master Submix 'MasterReverbSubmixDefault'
[2022.02.17-12.27.47:326][  0]LogAudioMixer: Display: Creating Master Submix 'MasterEQSubmixDefault'
[2022.02.17-12.27.47:326][  0]LogAudioMixer: FMixerPlatformXAudio2::StartAudioStream() called
[2022.02.17-12.27.47:326][  0]LogAudioMixer: Display: Output buffers initialized: Frames=1024, Channels=2, Samples=2048
[2022.02.17-12.27.47:327][  0]LogAudioMixer: Display: Starting AudioMixerPlatformInterface::RunInternal()
[2022.02.17-12.27.47:328][  0]LogAudioMixer: Display: FMixerPlatformXAudio2::SubmitBuffer() called for the first time
[2022.02.17-12.27.47:328][  0]LogInit: FAudioDevice initialized.
[2022.02.17-12.27.47:328][  0]LogAudio: Display: Audio Device (ID: 1) registered with world 'Untitled'.
[2022.02.17-12.27.47:328][  0]LogNetVersion: Set ProjectVersion to 1.0.0.0. Version Checksum will be recalculated on next use.
[2022.02.17-12.27.47:451][  0]LogDerivedDataCache: Saved boot cache 0.12s 96MB C:/Users/newyo/AppData/Local/UnrealEngine/4.27/DerivedDataCache/Boot.ddc.
[2022.02.17-12.27.47:452][  0]LogInit: Texture streaming: Enabled
[2022.02.17-12.27.47:473][  0]LogAnalytics: Display: [UEEditor.Rocket.Release] APIServer = https://datarouter.ol.epicgames.com/. AppVersion = 4.27.2-18319896+++UE4+Release-4.27
[2022.02.17-12.27.47:490][  0]LogEngineSessionManager: EngineSessionManager initialized
[2022.02.17-12.27.47:491][  0]LogEditorSessionSummary: Verbose: Initializing EditorSessionSummaryWriter for editor session tracking
[2022.02.17-12.27.47:496][  0]LogEditorSessionSummary: EditorSessionSummaryWriter initialized
[2022.02.17-12.27.47:528][  0]LogInit: Transaction tracking system initialized
[2022.02.17-12.27.47:567][  0]BlueprintLog: New page: Cargar el editor
[2022.02.17-12.27.48:069][  0]LocalizationService: Localization service is disabled
[2022.02.17-12.27.48:108][  0]TimingProfiler: Initialize
[2022.02.17-12.27.48:108][  0]TimingProfiler: OnSessionChanged
[2022.02.17-12.27.48:108][  0]LoadingProfiler: Initialize
[2022.02.17-12.27.48:108][  0]LoadingProfiler: OnSessionChanged
[2022.02.17-12.27.48:108][  0]NetworkingProfiler: Initialize
[2022.02.17-12.27.48:108][  0]NetworkingProfiler: OnSessionChanged
[2022.02.17-12.27.48:108][  0]MemoryProfiler: Initialize
[2022.02.17-12.27.48:108][  0]MemoryProfiler: OnSessionChanged
[2022.02.17-12.27.49:642][  0]LogCook: Display: CookSettings for Memory: MemoryMaxUsedVirtual 0MiB, MemoryMaxUsedPhysical 16384MiB, MemoryMinFreeVirtual 0MiB, MemoryMinFreePhysical 1024MiB
[2022.02.17-12.27.49:643][  0]LogCook: Display: Mobile HDR setting 1
[2022.02.17-12.27.49:651][  0]LogFileCache: Scanning file cache for directory 'F:/Tecnocampus/3r/Motors/P1_PrototipPesca/P1_Pesca/Content/' took 0.00s
